<?xml version="1.0" encoding="UTF-8"?>
<!-- Generated by org.testng.reporters.JUnitXMLReporter -->
<testsuite ignored="0" hostname="LAPTOP-E2PSIL5I" failures="0" tests="3" name="Test-Runner-1" time="75.268" errors="0" timestamp="2023-01-24T15:25:37 IST">
  <testcase classname="vtiger.Organizations.TestScripts.CreateOrganizationWithIndustryUsingPOMTest" name="createOrgWithIndustryUsingPOMTest" time="25.989"/>
  <testcase classname="vtiger.Organizations.TestScripts.CreateOrganizationWithIndustryUsingPOMTest" name="demo1" time="0.002"/>
  <testcase classname="vtiger.Organizations.TestScripts.CreateOrganizationWithIndustryUsingPOMTest" name="demo2" time="0.004"/>
</testsuite> <!-- Test-Runner-1 -->
