<?xml version="1.0" encoding="UTF-8"?>
<!-- Generated by org.testng.reporters.JUnitXMLReporter -->
<testsuite ignored="0" hostname="LAPTOP-E2PSIL5I" failures="0" tests="1" name="Test-Runner-2" time="44.802" errors="0" timestamp="2023-01-11T10:11:42 IST">
  <testcase classname="vtiger.Organizations.TestScripts.CreateOrganizationWithDDTAndGUTest" name="createOrgWithDDTAndGUTest" time="14.259"/>
</testsuite> <!-- Test-Runner-2 -->
