<?xml version="1.0" encoding="UTF-8"?>
<!-- Generated by org.testng.reporters.JUnitXMLReporter -->
<testsuite ignored="2" hostname="LAPTOP-E2PSIL5I" failures="1" tests="4" name="Test-Runner-1" time="121.846" errors="0" timestamp="2023-01-11T10:12:59 IST">
  <testcase classname="vtiger.Organizations.TestScripts.CreateOrganizationWithIndustryUsingPOMTest" name="createOrgWithIndustryUsingPOMTest" time="13.192"/>
  <testcase classname="vtiger.Organizations.TestScripts.CreateOrganizationWithIndustryUsingPOMTest" name="demo1" time="0.003"/>
  <testcase classname="vtiger.Organizations.TestScripts.CreateOrganizationWithIndustryUsingPOMTest" name="demo2" time="0.003"/>
  <testcase classname="vtiger.Contacts.TestScripts.CreateContactTest" name="createContactTest" time="36.179">
    <failure type="java.lang.AssertionError" message="[Assertion Failed]: Contact creation failed. Actual details in application: [ CON28 ] Chaitra - Contact Information expected [true] but found [false]">
      <![CDATA[java.lang.AssertionError: [Assertion Failed]: Contact creation failed. Actual details in application: [ CON28 ] Chaitra - Contact Information expected [true] but found [false]
at vtiger.Contacts.TestScripts.CreateContactTest.createContactTest(CreateContactTest.java:44)
at java.base/java.util.ArrayList.forEach(ArrayList.java:1511)
at java.base/java.util.concurrent.FutureTask.run(FutureTask.java:264)
at java.base/java.util.concurrent.ThreadPoolExecutor.runWorker(ThreadPoolExecutor.java:1136)
at java.base/java.util.concurrent.ThreadPoolExecutor$Worker.run(ThreadPoolExecutor.java:635)
at java.base/java.lang.Thread.run(Thread.java:833)
... Removed 21 stack frames]]>
    </failure>
  </testcase> <!-- createContactTest -->
  <testcase classname="vTiger.GenericUtilities.BaseClass" name="@BeforeSuite bsConfig" time="0.0">
    <ignored/>
  </testcase> <!-- @BeforeSuite bsConfig -->
  <testcase classname="vTiger.GenericUtilities.BaseClass" name="@AfterSuite asConfig" time="0.0">
    <ignored/>
  </testcase> <!-- @AfterSuite asConfig -->
</testsuite> <!-- Test-Runner-1 -->
