<?xml version="1.0" encoding="UTF-8"?>
<!-- Generated by org.testng.reporters.JUnitReportReporter -->
<testsuite hostname="LAPTOP-E2PSIL5I" failures="0" tests="3" name="vtiger.Practice.CalendarPopUpHandleTest" time="153.223" errors="0" timestamp="2023-02-03T13:38:29 IST" skipped="0">
  <testcase classname="vtiger.Practice.CalendarPopUpHandleTest" name="bookFlightOnCurrentDateTest" time="17.044"/>
  <system-out/>
  <testcase classname="vtiger.Practice.CalendarPopUpHandleTest" name="bookFlightInFutureDateTest" time="118.071"/>
  <system-out/>
  <testcase classname="vtiger.Practice.CalendarPopUpHandleTest" name="bookFlightOn1stMarch2023Test" time="18.108"/>
  <system-out/>
</testsuite> <!-- vtiger.Practice.CalendarPopUpHandleTest -->
