<?xml version="1.0" encoding="UTF-8"?>
<!-- Generated by org.testng.reporters.JUnitReportReporter -->
<testsuite hostname="LAPTOP-E2PSIL5I" failures="0" tests="1" name="vtiger.Practice.SampleJDBCExecuteQuery" time="2.785" errors="0" timestamp="2023-02-01T10:47:17 IST" skipped="0">
  <testcase classname="vtiger.Practice.SampleJDBCExecuteQuery" name="sampleJDBC" time="2.785"/>
  <system-out/>
</testsuite> <!-- vtiger.Practice.SampleJDBCExecuteQuery -->
