<?xml version="1.0" encoding="UTF-8"?>
<!-- Generated by org.testng.reporters.JUnitReportReporter -->
<testsuite hostname="LAPTOP-E2PSIL5I" failures="0" tests="1" name="vtiger.Organizations.TestScripts.CreateBOrganizationWithIndustryUsingPOMTest" time="45.851" errors="0" timestamp="2023-01-02T11:20:22 IST" skipped="0">
  <testcase classname="vtiger.Organizations.TestScripts.CreateBOrganizationWithIndustryUsingPOMTest" name="createOrgWithIndustryUsingPOMTest" time="45.851"/>
  <system-out/>
</testsuite> <!-- vtiger.Organizations.TestScripts.CreateBOrganizationWithIndustryUsingPOMTest -->
