<?xml version="1.0" encoding="UTF-8"?>
<!-- Generated by org.testng.reporters.JUnitReportReporter -->
<testsuite hostname="LAPTOP-E2PSIL5I" failures="0" tests="1" name="vtiger.Practice.CalendarPopUpHandle1Test" time="13.705" errors="0" timestamp="2023-02-03T12:29:51 IST" skipped="0">
  <testcase classname="vtiger.Practice.CalendarPopUpHandle1Test" name="bookFlightOn1stMarch2023Test" time="13.705"/>
  <system-out/>
</testsuite> <!-- vtiger.Practice.CalendarPopUpHandle1Test -->
