<?xml version="1.0" encoding="UTF-8"?>
<!-- Generated by org.testng.reporters.JUnitReportReporter -->
<testsuite hostname="LAPTOP-E2PSIL5I" failures="0" tests="1" name="vtiger.Organizations.TestScripts.CreateOrganizationWithIndustryAndTypeTest" time="23.597" errors="0" timestamp="2023-01-02T10:13:28 IST" skipped="0">
  <testcase classname="vtiger.Organizations.TestScripts.CreateOrganizationWithIndustryAndTypeTest" name="createOrgWithIndustryAndTypeTest" time="23.597"/>
  <system-out/>
</testsuite> <!-- vtiger.Organizations.TestScripts.CreateOrganizationWithIndustryAndTypeTest -->
