<?xml version="1.0" encoding="UTF-8"?>
<!-- Generated by org.testng.reporters.JUnitReportReporter -->
<testsuite hostname="LAPTOP-E2PSIL5I" failures="0" tests="3" name="vtiger.Organizations.TestScripts.CreateOrganizationWithIndustryUsingPOMTest" time="60.494" errors="0" timestamp="2023-01-11T10:17:01 IST" skipped="0">
  <testcase classname="vtiger.Organizations.TestScripts.CreateOrganizationWithIndustryUsingPOMTest" name="demo2" time="13.665"/>
  <system-out/>
  <testcase classname="vtiger.Organizations.TestScripts.CreateOrganizationWithIndustryUsingPOMTest" name="createOrgWithIndustryUsingPOMTest" time="33.626"/>
  <system-out>
Step: Clicked on Organizations link [Assertion Pass]: Organization created with details:  Organization name: Amdocs304 Industry name: Healthcare  </system-out>
  <testcase classname="vtiger.Organizations.TestScripts.CreateOrganizationWithIndustryUsingPOMTest" name="demo1" time="13.203"/>
  <system-out/>
</testsuite> <!-- vtiger.Organizations.TestScripts.CreateOrganizationWithIndustryUsingPOMTest -->
