<?xml version="1.0" encoding="UTF-8"?>
<!-- Generated by org.testng.reporters.JUnitReportReporter -->
<testsuite hostname="LAPTOP-E2PSIL5I" failures="0" tests="1" name="vtiger.Practice.SampleJDBCExecuteUpdate" time="1.482" errors="0" timestamp="2023-02-01T11:04:12 IST" skipped="0">
  <testcase classname="vtiger.Practice.SampleJDBCExecuteUpdate" name="sampleJDBC" time="1.482"/>
  <system-out/>
</testsuite> <!-- vtiger.Practice.SampleJDBCExecuteUpdate -->
