<?xml version="1.0" encoding="UTF-8"?>
<!-- Generated by org.testng.reporters.JUnitReportReporter -->
<testsuite hostname="LAPTOP-E2PSIL5I" failures="0" tests="1" name="vtiger.Organizations.TestScripts.CreateOrganizationWithIndustryTest" time="33.253" errors="0" timestamp="2023-01-24T14:47:24 IST" skipped="0">
  <testcase classname="vtiger.Organizations.TestScripts.CreateOrganizationWithIndustryTest" name="createOrgWithIndustryTest" time="33.253"/>
  <system-out/>
</testsuite> <!-- vtiger.Organizations.TestScripts.CreateOrganizationWithIndustryTest -->
