<?xml version="1.0" encoding="UTF-8"?>
<!-- Generated by org.testng.reporters.JUnitReportReporter -->
<testsuite hostname="LAPTOP-E2PSIL5I" failures="0" tests="2" name="vtiger.Organizations.TestScripts.CreateOrgWithIndustryDPTest" time="84.675" errors="0" timestamp="2023-01-11T09:52:18 IST" skipped="0">
  <testcase classname="vtiger.Organizations.TestScripts.CreateOrgWithIndustryDPTest" name="createOrgWithIndustryTest" time="54.575"/>
  <system-out>
Organization created successfully with Industry Organization name: Honda627 Industry name: Manufacturing  </system-out>
  <testcase classname="vtiger.Organizations.TestScripts.CreateOrgWithIndustryDPTest" name="createOrgWithIndustryTest" time="30.100"/>
  <system-out>
Organization created successfully with Industry Organization name: QAInfotech224 Industry name: Engineering  </system-out>
</testsuite> <!-- vtiger.Organizations.TestScripts.CreateOrgWithIndustryDPTest -->
