<?xml version="1.0" encoding="UTF-8"?>
<!-- Generated by org.testng.reporters.JUnitReportReporter -->
<testsuite hostname="LAPTOP-E2PSIL5I" failures="0" tests="2" name="vtiger.Practice.DataProviderPractice" time="0.021" errors="0" timestamp="2022-12-29T10:45:47 IST" skipped="0">
  <testcase classname="vtiger.Practice.DataProviderPractice" name="addProductToCartTest" time="0.013"/>
  <system-out/>
  <testcase classname="vtiger.Practice.DataProviderPractice" name="addProductToCartTest" time="0.008"/>
  <system-out/>
</testsuite> <!-- vtiger.Practice.DataProviderPractice -->
