<?xml version="1.0" encoding="UTF-8"?>
<!-- Generated by org.testng.reporters.JUnitReportReporter -->
<testsuite hostname="LAPTOP-E2PSIL5I" failures="0" tests="1" name="vtiger.Contacts.TestScripts.CreateContactWithOrganizationTest" time="78.168" errors="0" timestamp="2023-01-04T11:17:04 IST" skipped="0">
  <testcase classname="vtiger.Contacts.TestScripts.CreateContactWithOrganizationTest" name="createContactWithOrgTest" time="78.168"/>
  <system-out/>
</testsuite> <!-- vtiger.Contacts.TestScripts.CreateContactWithOrganizationTest -->
